<?xml version="1.0" encoding="UTF-8"?>
<robot generator="Robot 3.2.2 (Python 3.6.0b3 on darwin)" generated="20210127 15:13:50.174" rpa="false">
<suite id="s1" name="Testsuit" source="/Users/bagale/Desktop/robot_test/first_test/RobotFramework-Projects/project3/testsuit.robot">
<kw name="Set Screenshot Directory" library="SeleniumLibrary" type="setup">
<doc>Sets the directory for captured screenshots.</doc>
<arguments>
<arg>/Users/bagale/Desktop/robot_test/first_test/RobotFramework-Projects/project3/screenshots</arg>
</arguments>
<status status="PASS" starttime="20210127 15:13:50.659" endtime="20210127 15:13:50.660"></status>
</kw>
<test id="s1-t1" name="MyFirstTest">
<kw name="Log" library="BuiltIn">
<doc>Logs the given message with the given level.</doc>
<arguments>
<arg>${HELLO_WORLD_TEXT}</arg>
</arguments>
<msg timestamp="20210127 15:13:50.661" level="INFO">Hello World</msg>
<status status="PASS" starttime="20210127 15:13:50.661" endtime="20210127 15:13:50.661"></status>
</kw>
<kw name="Close All Browsers" library="SeleniumLibrary" type="teardown">
<doc>Closes all open browsers and resets the browser cache.</doc>
<status status="PASS" starttime="20210127 15:13:50.662" endtime="20210127 15:13:50.662"></status>
</kw>
<status status="PASS" starttime="20210127 15:13:50.660" endtime="20210127 15:13:50.662" critical="yes"></status>
</test>
<test id="s1-t2" name="FakerLibrary Words Generation">
<kw name="Words" library="FakerLibrary">
<doc>Generate a tuple of words.</doc>
<arguments>
<arg>nb=${5}</arg>
</arguments>
<assign>
<var>${words}</var>
</assign>
<msg timestamp="20210127 15:13:50.664" level="INFO">${words} = ['employee', 'foreign', 'they', 'see', 'pretty']</msg>
<status status="PASS" starttime="20210127 15:13:50.664" endtime="20210127 15:13:50.664"></status>
</kw>
<kw name="Log" library="BuiltIn">
<doc>Logs the given message with the given level.</doc>
<arguments>
<arg>words: ${words}</arg>
</arguments>
<msg timestamp="20210127 15:13:50.665" level="INFO">words: ['employee', 'foreign', 'they', 'see', 'pretty']</msg>
<status status="PASS" starttime="20210127 15:13:50.664" endtime="20210127 15:13:50.665"></status>
</kw>
<kw name="Words" library="FakerLibrary">
<doc>Generate a tuple of words.</doc>
<arguments>
<arg>nb=${10}</arg>
</arguments>
<assign>
<var>${words}</var>
</assign>
<msg timestamp="20210127 15:13:50.666" level="INFO">${words} = ['glass', 'add', 'plant', 'reduce', 'couple', 'business', 'measure', 'eye', 'hair', 'value']</msg>
<status status="PASS" starttime="20210127 15:13:50.665" endtime="20210127 15:13:50.666"></status>
</kw>
<kw name="Log" library="BuiltIn">
<doc>Logs the given message with the given level.</doc>
<arguments>
<arg>words: ${words}</arg>
</arguments>
<msg timestamp="20210127 15:13:50.666" level="INFO">words: ['glass', 'add', 'plant', 'reduce', 'couple', 'business', 'measure', 'eye', 'hair', 'value']</msg>
<status status="PASS" starttime="20210127 15:13:50.666" endtime="20210127 15:13:50.666"></status>
</kw>
<kw name="Close All Browsers" library="SeleniumLibrary" type="teardown">
<doc>Closes all open browsers and resets the browser cache.</doc>
<status status="PASS" starttime="20210127 15:13:50.667" endtime="20210127 15:13:50.667"></status>
</kw>
<status status="PASS" starttime="20210127 15:13:50.663" endtime="20210127 15:13:50.667" critical="yes"></status>
</test>
<test id="s1-t3" name="FirstSeleniumTest">
<kw name="Open Browser" library="SeleniumLibrary">
<doc>Opens a new browser instance to the optional ``url``.</doc>
<arguments>
<arg>${GOOGLE_URL}</arg>
<arg>${GOOGLE_NAME}</arg>
</arguments>
<msg timestamp="20210127 15:13:50.669" level="INFO">Opening browser 'chrome' to base url 'https:google.com'.</msg>
<status status="PASS" starttime="20210127 15:13:50.668" endtime="20210127 15:13:55.249"></status>
</kw>
<kw name="Set Browser Implicit Wait" library="SeleniumLibrary">
<doc>Sets the implicit wait value used by Selenium.</doc>
<arguments>
<arg>5</arg>
</arguments>
<status status="PASS" starttime="20210127 15:13:55.250" endtime="20210127 15:13:55.253"></status>
</kw>
<kw name="Input Text" library="SeleniumLibrary">
<doc>Types the given ``text`` into the text field identified by ``locator``.</doc>
<arguments>
<arg>${LOCATOR_GOOGLE_SEARCH_TEXT_FIELD}</arg>
<arg>Automation step by step</arg>
</arguments>
<msg timestamp="20210127 15:13:55.255" level="INFO">Typing text 'Automation step by step' into text field 'name=q'.</msg>
<status status="PASS" starttime="20210127 15:13:55.254" endtime="20210127 15:13:55.459"></status>
</kw>
<kw name="Press Keys" library="SeleniumLibrary">
<doc>Simulates the user pressing key(s) to an element or on the active browser.</doc>
<arguments>
<arg>${LOCATOR_GOOGLE_SEARCH_TEXT_FIELD}</arg>
<arg>Enter</arg>
</arguments>
<msg timestamp="20210127 15:13:55.461" level="INFO">Sending key(s) ('Enter',) to name=q element.</msg>
<msg timestamp="20210127 15:13:55.737" level="INFO">Sending keys Enter</msg>
<status status="PASS" starttime="20210127 15:13:55.460" endtime="20210127 15:13:55.752"></status>
</kw>
<kw name="Sleep" library="BuiltIn">
<doc>Pauses the test executed for the given time.</doc>
<arguments>
<arg>2</arg>
</arguments>
<msg timestamp="20210127 15:13:57.754" level="INFO">Slept 2 seconds</msg>
<status status="PASS" starttime="20210127 15:13:55.753" endtime="20210127 15:13:57.754"></status>
</kw>
<kw name="Close Browser" library="SeleniumLibrary">
<doc>Closes the current browser.</doc>
<status status="PASS" starttime="20210127 15:13:57.755" endtime="20210127 15:13:57.853"></status>
</kw>
<kw name="Log" library="BuiltIn">
<doc>Logs the given message with the given level.</doc>
<arguments>
<arg>${TEST_COMPLETED_TEXT}</arg>
</arguments>
<msg timestamp="20210127 15:13:57.854" level="INFO">Test Completed</msg>
<status status="PASS" starttime="20210127 15:13:57.853" endtime="20210127 15:13:57.854"></status>
</kw>
<kw name="Close All Browsers" library="SeleniumLibrary" type="teardown">
<doc>Closes all open browsers and resets the browser cache.</doc>
<status status="PASS" starttime="20210127 15:13:57.855" endtime="20210127 15:13:57.855"></status>
</kw>
<status status="PASS" starttime="20210127 15:13:50.668" endtime="20210127 15:13:57.855" critical="yes"></status>
</test>
<test id="s1-t4" name="SampleLoginTest">
<kw name="Set Screenshot Directory" library="SeleniumLibrary" type="setup">
<doc>Sets the directory for captured screenshots.</doc>
<arguments>
<arg>/Users/bagale/Desktop/robot_test/first_test/RobotFramework-Projects/project3/screenshots</arg>
</arguments>
<status status="PASS" starttime="20210127 15:13:57.857" endtime="20210127 15:13:57.858"></status>
</kw>
<kw name="Open Browser" library="SeleniumLibrary">
<doc>Opens a new browser instance to the optional ``url``.</doc>
<arguments>
<arg>https://opensource-demo.orangehrmlive.com</arg>
<arg>chrome</arg>
</arguments>
<msg timestamp="20210127 15:13:57.859" level="INFO">Opening browser 'chrome' to base url 'https://opensource-demo.orangehrmlive.com'.</msg>
<status status="PASS" starttime="20210127 15:13:57.859" endtime="20210127 15:14:02.307"></status>
</kw>
<kw name="Input Text" library="SeleniumLibrary">
<doc>Types the given ``text`` into the text field identified by ``locator``.</doc>
<arguments>
<arg>id=txtUsername</arg>
<arg>Admin</arg>
</arguments>
<msg timestamp="20210127 15:14:02.309" level="INFO">Typing text 'Admin' into text field 'id=txtUsername'.</msg>
<status status="PASS" starttime="20210127 15:14:02.308" endtime="20210127 15:14:02.432"></status>
</kw>
<kw name="Input Text" library="SeleniumLibrary">
<doc>Types the given ``text`` into the text field identified by ``locator``.</doc>
<arguments>
<arg>id=txtPassword</arg>
<arg>admin123</arg>
</arguments>
<msg timestamp="20210127 15:14:02.433" level="INFO">Typing text 'admin123' into text field 'id=txtPassword'.</msg>
<status status="PASS" starttime="20210127 15:14:02.433" endtime="20210127 15:14:02.511"></status>
</kw>
<kw name="Click Button" library="SeleniumLibrary">
<doc>Clicks the button identified by ``locator``.</doc>
<arguments>
<arg>name=Submit</arg>
</arguments>
<msg timestamp="20210127 15:14:02.512" level="INFO">Clicking button 'name=Submit'.</msg>
<status status="PASS" starttime="20210127 15:14:02.512" endtime="20210127 15:14:05.060"></status>
</kw>
<kw name="Wait Until Page Contains" library="SeleniumLibrary">
<doc>Waits until ``text`` appears on the current page.</doc>
<arguments>
<arg>Dashboard</arg>
</arguments>
<status status="PASS" starttime="20210127 15:14:05.062" endtime="20210127 15:14:05.082"></status>
</kw>
<kw name="Click Element" library="SeleniumLibrary">
<doc>Click the element identified by ``locator``.</doc>
<arguments>
<arg>//a[@id='welcome']</arg>
</arguments>
<msg timestamp="20210127 15:14:05.083" level="INFO">Clicking element '//a[@id='welcome']'.</msg>
<status status="PASS" starttime="20210127 15:14:05.082" endtime="20210127 15:14:05.148"></status>
</kw>
<kw name="Wait Until Page Contains Element" library="SeleniumLibrary">
<doc>Waits until the element ``locator`` appears on the current page.</doc>
<arguments>
<arg>//body/div[@id='wrapper']/div[@id='branding']/div[@id='welcome-menu']/ul/li[2]</arg>
</arguments>
<status status="PASS" starttime="20210127 15:14:05.149" endtime="20210127 15:14:05.162"></status>
</kw>
<kw name="Sleep" library="BuiltIn">
<doc>Pauses the test executed for the given time.</doc>
<arguments>
<arg>2s</arg>
</arguments>
<msg timestamp="20210127 15:14:07.166" level="INFO">Slept 2 seconds</msg>
<status status="PASS" starttime="20210127 15:14:05.163" endtime="20210127 15:14:07.166"></status>
</kw>
<kw name="Click Element" library="SeleniumLibrary">
<doc>Click the element identified by ``locator``.</doc>
<arguments>
<arg>//body/div[@id='wrapper']/div[@id='branding']/div[@id='welcome-menu']/ul/li[2]</arg>
</arguments>
<msg timestamp="20210127 15:14:07.167" level="INFO">Clicking element '//body/div[@id='wrapper']/div[@id='branding']/div[@id='welcome-menu']/ul/li[2]'.</msg>
<status status="PASS" starttime="20210127 15:14:07.167" endtime="20210127 15:14:07.209"></status>
</kw>
<kw name="Log" library="BuiltIn">
<doc>Logs the given message with the given level.</doc>
<arguments>
<arg>Test Completed</arg>
</arguments>
<msg timestamp="20210127 15:14:07.211" level="INFO">Test Completed</msg>
<status status="PASS" starttime="20210127 15:14:07.210" endtime="20210127 15:14:07.211"></status>
</kw>
<kw name="Close All Browsers" library="SeleniumLibrary" type="teardown">
<doc>Closes all open browsers and resets the browser cache.</doc>
<status status="PASS" starttime="20210127 15:14:07.212" endtime="20210127 15:14:07.342"></status>
</kw>
<doc>This is a simple login Test</doc>
<tags>
<tag>1000</tag>
</tags>
<status status="PASS" starttime="20210127 15:13:57.856" endtime="20210127 15:14:07.342" critical="yes"></status>
</test>
<test id="s1-t5" name="addEmployeeTest">
<kw name="Open Browser" library="SeleniumLibrary">
<doc>Opens a new browser instance to the optional ``url``.</doc>
<arguments>
<arg>${ADD_EMPLOYEE}</arg>
<arg>${GOOGLE_NAME}</arg>
</arguments>
<msg timestamp="20210127 15:14:07.345" level="INFO">Opening browser 'chrome' to base url 'https://opensource-demo.orangehrmlive.com/index.php/pim/addEmployee'.</msg>
<status status="PASS" starttime="20210127 15:14:07.345" endtime="20210127 15:14:11.725"></status>
</kw>
<kw name="Input Text" library="SeleniumLibrary">
<doc>Types the given ``text`` into the text field identified by ``locator``.</doc>
<arguments>
<arg>id=txtUsername</arg>
<arg>Admin</arg>
</arguments>
<msg timestamp="20210127 15:14:11.726" level="INFO">Typing text 'Admin' into text field 'id=txtUsername'.</msg>
<status status="PASS" starttime="20210127 15:14:11.725" endtime="20210127 15:14:11.852"></status>
</kw>
<kw name="Input Text" library="SeleniumLibrary">
<doc>Types the given ``text`` into the text field identified by ``locator``.</doc>
<arguments>
<arg>id=txtPassword</arg>
<arg>admin123</arg>
</arguments>
<msg timestamp="20210127 15:14:11.853" level="INFO">Typing text 'admin123' into text field 'id=txtPassword'.</msg>
<status status="PASS" starttime="20210127 15:14:11.852" endtime="20210127 15:14:11.939"></status>
</kw>
<kw name="Click Button" library="SeleniumLibrary">
<doc>Clicks the button identified by ``locator``.</doc>
<arguments>
<arg>name=Submit</arg>
</arguments>
<msg timestamp="20210127 15:14:11.940" level="INFO">Clicking button 'name=Submit'.</msg>
<status status="PASS" starttime="20210127 15:14:11.939" endtime="20210127 15:14:13.755"></status>
</kw>
<kw name="Wait Until Page Contains" library="SeleniumLibrary">
<doc>Waits until ``text`` appears on the current page.</doc>
<arguments>
<arg>Dashboard</arg>
</arguments>
<status status="PASS" starttime="20210127 15:14:13.755" endtime="20210127 15:14:13.770"></status>
</kw>
<kw name="Mouse Over" library="SeleniumLibrary">
<doc>Simulates hovering the mouse over the element ``locator``.</doc>
<arguments>
<arg>//a[@id='menu_pim_viewPimModule']</arg>
</arguments>
<msg timestamp="20210127 15:14:13.770" level="INFO">Simulating Mouse Over on element '//a[@id='menu_pim_viewPimModule']'.</msg>
<status status="PASS" starttime="20210127 15:14:13.770" endtime="20210127 15:14:14.056"></status>
</kw>
<kw name="Wait Until Page Contains" library="SeleniumLibrary">
<doc>Waits until ``text`` appears on the current page.</doc>
<arguments>
<arg>Add Employee</arg>
</arguments>
<status status="PASS" starttime="20210127 15:14:14.056" endtime="20210127 15:14:14.068"></status>
</kw>
<kw name="Click Element" library="SeleniumLibrary">
<doc>Click the element identified by ``locator``.</doc>
<arguments>
<arg>//a[@id='menu_pim_addEmployee']</arg>
</arguments>
<msg timestamp="20210127 15:14:14.069" level="INFO">Clicking element '//a[@id='menu_pim_addEmployee']'.</msg>
<status status="PASS" starttime="20210127 15:14:14.068" endtime="20210127 15:14:14.450"></status>
</kw>
<kw name="${&quot;first_name&quot;} set variable id:firstName">
<msg timestamp="20210127 15:14:14.462" level="FAIL">No keyword with name '${"first_name"} set variable id:firstName' found.</msg>
<status status="FAIL" starttime="20210127 15:14:14.462" endtime="20210127 15:14:14.462"></status>
</kw>
<kw name="Close All Browsers" library="SeleniumLibrary" type="teardown">
<doc>Closes all open browsers and resets the browser cache.</doc>
<status status="PASS" starttime="20210127 15:14:14.464" endtime="20210127 15:14:14.590"></status>
</kw>
<status status="FAIL" starttime="20210127 15:14:07.344" endtime="20210127 15:14:14.590" critical="yes">No keyword with name '${"first_name"} set variable id:firstName' found.</status>
</test>
<status status="FAIL" starttime="20210127 15:13:50.176" endtime="20210127 15:14:14.592"></status>
</suite>
<statistics>
<total>
<stat pass="4" fail="1">Critical Tests</stat>
<stat pass="4" fail="1">All Tests</stat>
</total>
<tag>
<stat pass="1" fail="0">1000</stat>
</tag>
<suite>
<stat pass="4" fail="1" id="s1" name="Testsuit">Testsuit</stat>
</suite>
</statistics>
<errors>
</errors>
</robot>
