<?xml version="1.0" encoding="UTF-8"?>
<robot generator="Robot 3.2.2 (Python 3.6.0b3 on darwin)" generated="20210131 18:31:51.933" rpa="false">
<suite id="s1" name="Testsuit" source="/Users/bagale/Desktop/robot_test/first_test/RobotFramework-Projects/project3/testsuit.robot">
<kw name="Set Screenshot Directory" library="SeleniumLibrary" type="setup">
<doc>Sets the directory for captured screenshots.</doc>
<arguments>
<arg>/Users/bagale/Desktop/robot_test/first_test/RobotFramework-Projects/project3/screenshots</arg>
</arguments>
<status status="PASS" starttime="20210131 18:31:52.823" endtime="20210131 18:31:52.823"></status>
</kw>
<test id="s1-t1" name="Keywords test cases">
<kw name="Login to page" library="keywords">
<kw name="Open Browser" library="SeleniumLibrary">
<doc>Opens a new browser instance to the optional ``url``.</doc>
<arguments>
<arg>https://opensource-demo.orangehrmlive.com</arg>
<arg>chrome</arg>
</arguments>
<msg timestamp="20210131 18:31:52.827" level="INFO">Opening browser 'chrome' to base url 'https://opensource-demo.orangehrmlive.com'.</msg>
<status status="PASS" starttime="20210131 18:31:52.826" endtime="20210131 18:31:58.050"></status>
</kw>
<kw name="Input Text" library="SeleniumLibrary">
<doc>Types the given ``text`` into the text field identified by ``locator``.</doc>
<arguments>
<arg>id=txtUsername</arg>
<arg>Admin</arg>
</arguments>
<msg timestamp="20210131 18:31:58.052" level="INFO">Typing text 'Admin' into text field 'id=txtUsername'.</msg>
<status status="PASS" starttime="20210131 18:31:58.051" endtime="20210131 18:31:58.266"></status>
</kw>
<kw name="Input Text" library="SeleniumLibrary">
<doc>Types the given ``text`` into the text field identified by ``locator``.</doc>
<arguments>
<arg>id=txtPassword</arg>
<arg>admin123</arg>
</arguments>
<msg timestamp="20210131 18:31:58.267" level="INFO">Typing text 'admin123' into text field 'id=txtPassword'.</msg>
<status status="PASS" starttime="20210131 18:31:58.267" endtime="20210131 18:31:58.422"></status>
</kw>
<kw name="Click Button" library="SeleniumLibrary">
<doc>Clicks the button identified by ``locator``.</doc>
<arguments>
<arg>name=Submit</arg>
</arguments>
<msg timestamp="20210131 18:31:58.423" level="INFO">Clicking button 'name=Submit'.</msg>
<status status="PASS" starttime="20210131 18:31:58.423" endtime="20210131 18:32:01.638"></status>
</kw>
<kw name="Wait Until Page Contains" library="SeleniumLibrary">
<doc>Waits until ``text`` appears on the current page.</doc>
<arguments>
<arg>Dashboard</arg>
</arguments>
<status status="PASS" starttime="20210131 18:32:01.638" endtime="20210131 18:32:01.765"></status>
</kw>
<status status="PASS" starttime="20210131 18:31:52.826" endtime="20210131 18:32:01.766"></status>
</kw>
<kw name="Close All Browsers" library="SeleniumLibrary" type="teardown">
<doc>Closes all open browsers and resets the browser cache.</doc>
<status status="PASS" starttime="20210131 18:32:01.767" endtime="20210131 18:32:01.902"></status>
</kw>
<status status="PASS" starttime="20210131 18:31:52.823" endtime="20210131 18:32:01.902" critical="yes"></status>
</test>
<test id="s1-t2" name="MyFirstTest">
<kw name="Log" library="BuiltIn">
<doc>Logs the given message with the given level.</doc>
<arguments>
<arg>${HELLO_WORLD_TEXT}</arg>
</arguments>
<msg timestamp="20210131 18:32:01.906" level="INFO">Hello World</msg>
<status status="PASS" starttime="20210131 18:32:01.905" endtime="20210131 18:32:01.906"></status>
</kw>
<kw name="Create File" library="OperatingSystem">
<doc>Creates a file with the given content and encoding.</doc>
<arguments>
<arg>${EXECDIR}/example.txt</arg>
<arg>hello world</arg>
</arguments>
<msg timestamp="20210131 18:32:01.909" level="INFO" html="yes">Created file '&lt;a href="file:///Users/bagale/Desktop/robot_test/first_test/RobotFramework-Projects/project3/example.txt"&gt;/Users/bagale/Desktop/robot_test/first_test/RobotFramework-Projects/project3/example.txt&lt;/a&gt;'.</msg>
<status status="PASS" starttime="20210131 18:32:01.907" endtime="20210131 18:32:01.909"></status>
</kw>
<kw name="Close All Browsers" library="SeleniumLibrary" type="teardown">
<doc>Closes all open browsers and resets the browser cache.</doc>
<status status="PASS" starttime="20210131 18:32:01.910" endtime="20210131 18:32:01.910"></status>
</kw>
<status status="PASS" starttime="20210131 18:32:01.904" endtime="20210131 18:32:01.910" critical="yes"></status>
</test>
<test id="s1-t3" name="FakerLibrary Words Generation">
<kw name="Words" library="FakerLibrary">
<doc>Generate a tuple of words.</doc>
<arguments>
<arg>nb=${5}</arg>
</arguments>
<assign>
<var>${words}</var>
</assign>
<msg timestamp="20210131 18:32:01.915" level="INFO">${words} = ['idea', 'stand', 'character', 'hot', 'identify']</msg>
<status status="PASS" starttime="20210131 18:32:01.913" endtime="20210131 18:32:01.916"></status>
</kw>
<kw name="Log" library="BuiltIn">
<doc>Logs the given message with the given level.</doc>
<arguments>
<arg>words: ${words}</arg>
</arguments>
<msg timestamp="20210131 18:32:01.917" level="INFO">words: ['idea', 'stand', 'character', 'hot', 'identify']</msg>
<status status="PASS" starttime="20210131 18:32:01.916" endtime="20210131 18:32:01.917"></status>
</kw>
<kw name="Words" library="FakerLibrary">
<doc>Generate a tuple of words.</doc>
<arguments>
<arg>nb=${10}</arg>
</arguments>
<assign>
<var>${words}</var>
</assign>
<msg timestamp="20210131 18:32:01.918" level="INFO">${words} = ['matter', 'brother', 'idea', 'skin', 'notice', 'either', 'however', 'while', 'test', 'executive']</msg>
<status status="PASS" starttime="20210131 18:32:01.917" endtime="20210131 18:32:01.919"></status>
</kw>
<kw name="Log" library="BuiltIn">
<doc>Logs the given message with the given level.</doc>
<arguments>
<arg>words: ${words}</arg>
</arguments>
<msg timestamp="20210131 18:32:01.920" level="INFO">words: ['matter', 'brother', 'idea', 'skin', 'notice', 'either', 'however', 'while', 'test', 'executive']</msg>
<status status="PASS" starttime="20210131 18:32:01.919" endtime="20210131 18:32:01.920"></status>
</kw>
<kw name="Close All Browsers" library="SeleniumLibrary" type="teardown">
<doc>Closes all open browsers and resets the browser cache.</doc>
<status status="PASS" starttime="20210131 18:32:01.921" endtime="20210131 18:32:01.921"></status>
</kw>
<status status="PASS" starttime="20210131 18:32:01.912" endtime="20210131 18:32:01.922" critical="yes"></status>
</test>
<test id="s1-t4" name="FirstSeleniumTest">
<kw name="Open Browser" library="SeleniumLibrary">
<doc>Opens a new browser instance to the optional ``url``.</doc>
<arguments>
<arg>${GOOGLE_URL}</arg>
<arg>${GOOGLE_NAME}</arg>
</arguments>
<msg timestamp="20210131 18:32:01.925" level="INFO">Opening browser 'chrome' to base url 'https:google.com'.</msg>
<status status="PASS" starttime="20210131 18:32:01.924" endtime="20210131 18:32:06.746"></status>
</kw>
<kw name="Set Browser Implicit Wait" library="SeleniumLibrary">
<doc>Sets the implicit wait value used by Selenium.</doc>
<arguments>
<arg>5</arg>
</arguments>
<status status="PASS" starttime="20210131 18:32:06.748" endtime="20210131 18:32:06.755"></status>
</kw>
<kw name="Input Text" library="SeleniumLibrary">
<doc>Types the given ``text`` into the text field identified by ``locator``.</doc>
<arguments>
<arg>${LOCATOR_GOOGLE_SEARCH_TEXT_FIELD}</arg>
<arg>Automation step by step</arg>
</arguments>
<msg timestamp="20210131 18:32:06.757" level="INFO">Typing text 'Automation step by step' into text field 'name=q'.</msg>
<status status="PASS" starttime="20210131 18:32:06.756" endtime="20210131 18:32:07.058"></status>
</kw>
<kw name="Press Keys" library="SeleniumLibrary">
<doc>Simulates the user pressing key(s) to an element or on the active browser.</doc>
<arguments>
<arg>${LOCATOR_GOOGLE_SEARCH_TEXT_FIELD}</arg>
<arg>Enter</arg>
</arguments>
<msg timestamp="20210131 18:32:07.061" level="INFO">Sending key(s) ('Enter',) to name=q element.</msg>
<msg timestamp="20210131 18:32:07.345" level="INFO">Sending keys Enter</msg>
<status status="PASS" starttime="20210131 18:32:07.059" endtime="20210131 18:32:07.380"></status>
</kw>
<kw name="Sleep" library="BuiltIn">
<doc>Pauses the test executed for the given time.</doc>
<arguments>
<arg>2</arg>
</arguments>
<msg timestamp="20210131 18:32:09.381" level="INFO">Slept 2 seconds</msg>
<status status="PASS" starttime="20210131 18:32:07.380" endtime="20210131 18:32:09.381"></status>
</kw>
<kw name="Close Browser" library="SeleniumLibrary">
<doc>Closes the current browser.</doc>
<status status="PASS" starttime="20210131 18:32:09.381" endtime="20210131 18:32:09.511"></status>
</kw>
<kw name="Log" library="BuiltIn">
<doc>Logs the given message with the given level.</doc>
<arguments>
<arg>${TEST_COMPLETED_TEXT}</arg>
</arguments>
<msg timestamp="20210131 18:32:09.512" level="INFO">Test Completed</msg>
<status status="PASS" starttime="20210131 18:32:09.512" endtime="20210131 18:32:09.513"></status>
</kw>
<kw name="Close All Browsers" library="SeleniumLibrary" type="teardown">
<doc>Closes all open browsers and resets the browser cache.</doc>
<status status="PASS" starttime="20210131 18:32:09.514" endtime="20210131 18:32:09.514"></status>
</kw>
<status status="PASS" starttime="20210131 18:32:01.923" endtime="20210131 18:32:09.514" critical="yes"></status>
</test>
<test id="s1-t5" name="SampleLoginTest">
<kw name="Set Screenshot Directory" library="SeleniumLibrary" type="setup">
<doc>Sets the directory for captured screenshots.</doc>
<arguments>
<arg>/Users/bagale/Desktop/robot_test/first_test/RobotFramework-Projects/project3/screenshots</arg>
</arguments>
<status status="PASS" starttime="20210131 18:32:09.517" endtime="20210131 18:32:09.518"></status>
</kw>
<kw name="Login to page" library="keywords">
<kw name="Open Browser" library="SeleniumLibrary">
<doc>Opens a new browser instance to the optional ``url``.</doc>
<arguments>
<arg>https://opensource-demo.orangehrmlive.com</arg>
<arg>chrome</arg>
</arguments>
<msg timestamp="20210131 18:32:09.522" level="INFO">Opening browser 'chrome' to base url 'https://opensource-demo.orangehrmlive.com'.</msg>
<status status="PASS" starttime="20210131 18:32:09.521" endtime="20210131 18:32:14.598"></status>
</kw>
<kw name="Input Text" library="SeleniumLibrary">
<doc>Types the given ``text`` into the text field identified by ``locator``.</doc>
<arguments>
<arg>id=txtUsername</arg>
<arg>Admin</arg>
</arguments>
<msg timestamp="20210131 18:32:14.600" level="INFO">Typing text 'Admin' into text field 'id=txtUsername'.</msg>
<status status="PASS" starttime="20210131 18:32:14.599" endtime="20210131 18:32:14.749"></status>
</kw>
<kw name="Input Text" library="SeleniumLibrary">
<doc>Types the given ``text`` into the text field identified by ``locator``.</doc>
<arguments>
<arg>id=txtPassword</arg>
<arg>admin123</arg>
</arguments>
<msg timestamp="20210131 18:32:14.750" level="INFO">Typing text 'admin123' into text field 'id=txtPassword'.</msg>
<status status="PASS" starttime="20210131 18:32:14.749" endtime="20210131 18:32:14.879"></status>
</kw>
<kw name="Click Button" library="SeleniumLibrary">
<doc>Clicks the button identified by ``locator``.</doc>
<arguments>
<arg>name=Submit</arg>
</arguments>
<msg timestamp="20210131 18:32:14.879" level="INFO">Clicking button 'name=Submit'.</msg>
<status status="PASS" starttime="20210131 18:32:14.879" endtime="20210131 18:32:17.740"></status>
</kw>
<kw name="Wait Until Page Contains" library="SeleniumLibrary">
<doc>Waits until ``text`` appears on the current page.</doc>
<arguments>
<arg>Dashboard</arg>
</arguments>
<status status="PASS" starttime="20210131 18:32:17.740" endtime="20210131 18:32:17.768"></status>
</kw>
<status status="PASS" starttime="20210131 18:32:09.519" endtime="20210131 18:32:17.769"></status>
</kw>
<kw name="Click Element" library="SeleniumLibrary">
<doc>Click the element identified by ``locator``.</doc>
<arguments>
<arg>//a[@id='welcome']</arg>
</arguments>
<msg timestamp="20210131 18:32:17.770" level="INFO">Clicking element '//a[@id='welcome']'.</msg>
<status status="PASS" starttime="20210131 18:32:17.769" endtime="20210131 18:32:17.841"></status>
</kw>
<kw name="Wait Until Page Contains Element" library="SeleniumLibrary">
<doc>Waits until the element ``locator`` appears on the current page.</doc>
<arguments>
<arg>//body/div[@id='wrapper']/div[@id='branding']/div[@id='welcome-menu']/ul/li[2]</arg>
</arguments>
<status status="PASS" starttime="20210131 18:32:17.842" endtime="20210131 18:32:17.886"></status>
</kw>
<kw name="Sleep" library="BuiltIn">
<doc>Pauses the test executed for the given time.</doc>
<arguments>
<arg>2s</arg>
</arguments>
<msg timestamp="20210131 18:32:19.887" level="INFO">Slept 2 seconds</msg>
<status status="PASS" starttime="20210131 18:32:17.886" endtime="20210131 18:32:19.887"></status>
</kw>
<kw name="Click Element" library="SeleniumLibrary">
<doc>Click the element identified by ``locator``.</doc>
<arguments>
<arg>//body/div[@id='wrapper']/div[@id='branding']/div[@id='welcome-menu']/ul/li[2]</arg>
</arguments>
<msg timestamp="20210131 18:32:19.888" level="INFO">Clicking element '//body/div[@id='wrapper']/div[@id='branding']/div[@id='welcome-menu']/ul/li[2]'.</msg>
<status status="PASS" starttime="20210131 18:32:19.888" endtime="20210131 18:32:19.945"></status>
</kw>
<kw name="Log" library="BuiltIn">
<doc>Logs the given message with the given level.</doc>
<arguments>
<arg>Test Completed</arg>
</arguments>
<msg timestamp="20210131 18:32:19.951" level="INFO">Test Completed</msg>
<status status="PASS" starttime="20210131 18:32:19.947" endtime="20210131 18:32:19.951"></status>
</kw>
<kw name="Close All Browsers" library="SeleniumLibrary" type="teardown">
<doc>Closes all open browsers and resets the browser cache.</doc>
<status status="PASS" starttime="20210131 18:32:19.952" endtime="20210131 18:32:20.092"></status>
</kw>
<doc>This is a simple login Test</doc>
<tags>
<tag>1000</tag>
</tags>
<status status="PASS" starttime="20210131 18:32:09.515" endtime="20210131 18:32:20.092" critical="yes"></status>
</test>
<test id="s1-t6" name="addEmployeeTest">
<kw name="Login to page" library="keywords">
<kw name="Open Browser" library="SeleniumLibrary">
<doc>Opens a new browser instance to the optional ``url``.</doc>
<arguments>
<arg>https://opensource-demo.orangehrmlive.com</arg>
<arg>chrome</arg>
</arguments>
<msg timestamp="20210131 18:32:20.097" level="INFO">Opening browser 'chrome' to base url 'https://opensource-demo.orangehrmlive.com'.</msg>
<status status="PASS" starttime="20210131 18:32:20.096" endtime="20210131 18:32:24.979"></status>
</kw>
<kw name="Input Text" library="SeleniumLibrary">
<doc>Types the given ``text`` into the text field identified by ``locator``.</doc>
<arguments>
<arg>id=txtUsername</arg>
<arg>Admin</arg>
</arguments>
<msg timestamp="20210131 18:32:24.981" level="INFO">Typing text 'Admin' into text field 'id=txtUsername'.</msg>
<status status="PASS" starttime="20210131 18:32:24.980" endtime="20210131 18:32:25.218"></status>
</kw>
<kw name="Input Text" library="SeleniumLibrary">
<doc>Types the given ``text`` into the text field identified by ``locator``.</doc>
<arguments>
<arg>id=txtPassword</arg>
<arg>admin123</arg>
</arguments>
<msg timestamp="20210131 18:32:25.220" level="INFO">Typing text 'admin123' into text field 'id=txtPassword'.</msg>
<status status="PASS" starttime="20210131 18:32:25.219" endtime="20210131 18:32:25.361"></status>
</kw>
<kw name="Click Button" library="SeleniumLibrary">
<doc>Clicks the button identified by ``locator``.</doc>
<arguments>
<arg>name=Submit</arg>
</arguments>
<msg timestamp="20210131 18:32:25.362" level="INFO">Clicking button 'name=Submit'.</msg>
<status status="PASS" starttime="20210131 18:32:25.362" endtime="20210131 18:32:28.482"></status>
</kw>
<kw name="Wait Until Page Contains" library="SeleniumLibrary">
<doc>Waits until ``text`` appears on the current page.</doc>
<arguments>
<arg>Dashboard</arg>
</arguments>
<status status="PASS" starttime="20210131 18:32:28.483" endtime="20210131 18:32:28.513"></status>
</kw>
<status status="PASS" starttime="20210131 18:32:20.095" endtime="20210131 18:32:28.513"></status>
</kw>
<kw name="Mouse Over" library="SeleniumLibrary">
<doc>Simulates hovering the mouse over the element ``locator``.</doc>
<arguments>
<arg>//a[@id='menu_pim_viewPimModule']</arg>
</arguments>
<msg timestamp="20210131 18:32:28.514" level="INFO">Simulating Mouse Over on element '//a[@id='menu_pim_viewPimModule']'.</msg>
<status status="PASS" starttime="20210131 18:32:28.514" endtime="20210131 18:32:28.816"></status>
</kw>
<kw name="Wait Until Page Contains" library="SeleniumLibrary">
<doc>Waits until ``text`` appears on the current page.</doc>
<arguments>
<arg>Add Employee</arg>
</arguments>
<status status="PASS" starttime="20210131 18:32:28.816" endtime="20210131 18:32:28.837"></status>
</kw>
<kw name="Click Element" library="SeleniumLibrary">
<doc>Click the element identified by ``locator``.</doc>
<arguments>
<arg>//a[@id='menu_pim_addEmployee']</arg>
</arguments>
<msg timestamp="20210131 18:32:28.842" level="INFO">Clicking element '//a[@id='menu_pim_addEmployee']'.</msg>
<status status="PASS" starttime="20210131 18:32:28.841" endtime="20210131 18:32:29.707"></status>
</kw>
<kw name="Element Should Be Visible" library="SeleniumLibrary">
<doc>Verifies that the element identified by ``locator`` is visible.</doc>
<arguments>
<arg>${first-name}</arg>
</arguments>
<msg timestamp="20210131 18:32:29.746" level="INFO">Element 'id=firstName' is displayed.</msg>
<status status="PASS" starttime="20210131 18:32:29.708" endtime="20210131 18:32:29.747"></status>
</kw>
<kw name="Element Should Be Enabled" library="SeleniumLibrary">
<doc>Verifies that element identified by ``locator`` is enabled.</doc>
<arguments>
<arg>${first-name}</arg>
</arguments>
<status status="PASS" starttime="20210131 18:32:29.747" endtime="20210131 18:32:29.773"></status>
</kw>
<kw name="Element Should Be Visible" library="SeleniumLibrary">
<doc>Verifies that the element identified by ``locator`` is visible.</doc>
<arguments>
<arg>${last-name}</arg>
</arguments>
<msg timestamp="20210131 18:32:29.803" level="INFO">Element 'id=lastName' is displayed.</msg>
<status status="PASS" starttime="20210131 18:32:29.774" endtime="20210131 18:32:29.804"></status>
</kw>
<kw name="Element Should Be Enabled" library="SeleniumLibrary">
<doc>Verifies that element identified by ``locator`` is enabled.</doc>
<arguments>
<arg>${last-name}</arg>
</arguments>
<status status="PASS" starttime="20210131 18:32:29.804" endtime="20210131 18:32:29.828"></status>
</kw>
<kw name="Element Should Be Visible" library="SeleniumLibrary">
<doc>Verifies that the element identified by ``locator`` is visible.</doc>
<arguments>
<arg>${employee-id}</arg>
</arguments>
<msg timestamp="20210131 18:32:29.856" level="INFO">Element 'id=employeeId' is displayed.</msg>
<status status="PASS" starttime="20210131 18:32:29.829" endtime="20210131 18:32:29.856"></status>
</kw>
<kw name="Element Should Be Enabled" library="SeleniumLibrary">
<doc>Verifies that element identified by ``locator`` is enabled.</doc>
<arguments>
<arg>${employee-id}</arg>
</arguments>
<status status="PASS" starttime="20210131 18:32:29.856" endtime="20210131 18:32:29.880"></status>
</kw>
<kw name="Element Should Be Visible" library="SeleniumLibrary">
<doc>Verifies that the element identified by ``locator`` is visible.</doc>
<arguments>
<arg>${employee-id}</arg>
</arguments>
<msg timestamp="20210131 18:32:29.899" level="INFO">Element 'id=employeeId' is displayed.</msg>
<status status="PASS" starttime="20210131 18:32:29.880" endtime="20210131 18:32:29.899"></status>
</kw>
<kw name="Element Should Be Enabled" library="SeleniumLibrary">
<doc>Verifies that element identified by ``locator`` is enabled.</doc>
<arguments>
<arg>${employee-id}</arg>
</arguments>
<status status="PASS" starttime="20210131 18:32:29.900" endtime="20210131 18:32:29.925"></status>
</kw>
<kw name="Input Text" library="SeleniumLibrary">
<doc>Types the given ``text`` into the text field identified by ``locator``.</doc>
<arguments>
<arg>${first-name}</arg>
<arg>Krishna</arg>
</arguments>
<msg timestamp="20210131 18:32:29.926" level="INFO">Typing text 'Krishna' into text field 'id=firstName'.</msg>
<status status="PASS" starttime="20210131 18:32:29.925" endtime="20210131 18:32:30.033"></status>
</kw>
<kw name="Input Text" library="SeleniumLibrary">
<doc>Types the given ``text`` into the text field identified by ``locator``.</doc>
<arguments>
<arg>${last-name}</arg>
<arg>Bagale</arg>
</arguments>
<msg timestamp="20210131 18:32:30.034" level="INFO">Typing text 'Bagale' into text field 'id=lastName'.</msg>
<status status="PASS" starttime="20210131 18:32:30.033" endtime="20210131 18:32:30.169"></status>
</kw>
<kw name="Sleep" library="BuiltIn">
<doc>Pauses the test executed for the given time.</doc>
<arguments>
<arg>5s</arg>
</arguments>
<msg timestamp="20210131 18:32:35.170" level="INFO">Slept 5 seconds</msg>
<status status="PASS" starttime="20210131 18:32:30.170" endtime="20210131 18:32:35.171"></status>
</kw>
<kw name="Clear Element Text" library="SeleniumLibrary">
<doc>Clears the value of the text-input-element identified by ``locator``.</doc>
<arguments>
<arg>${first-name}</arg>
</arguments>
<status status="PASS" starttime="20210131 18:32:35.171" endtime="20210131 18:32:35.205"></status>
</kw>
<kw name="Clear Element Text" library="SeleniumLibrary">
<doc>Clears the value of the text-input-element identified by ``locator``.</doc>
<arguments>
<arg>${last-name}</arg>
</arguments>
<status status="PASS" starttime="20210131 18:32:35.206" endtime="20210131 18:32:35.240"></status>
</kw>
<kw name="Clear Element Text" library="SeleniumLibrary">
<doc>Clears the value of the text-input-element identified by ``locator``.</doc>
<arguments>
<arg>${employee-id}</arg>
</arguments>
<status status="PASS" starttime="20210131 18:32:35.240" endtime="20210131 18:32:35.292"></status>
</kw>
<kw name="Wait Until Page Contains Element" library="SeleniumLibrary">
<doc>Waits until the element ``locator`` appears on the current page.</doc>
<arguments>
<arg>//input[@id='photofile']</arg>
</arguments>
<status status="PASS" starttime="20210131 18:32:35.293" endtime="20210131 18:32:35.310"></status>
</kw>
<kw name="Get WebElements" library="SeleniumLibrary">
<doc>Returns a list of WebElement objects matching the ``locator``.</doc>
<arguments>
<arg>//input[@id='photofile']</arg>
</arguments>
<assign>
<var>@{path}</var>
</assign>
<msg timestamp="20210131 18:32:35.319" level="INFO">@{path} = [ &lt;selenium.webdriver.remote.webelement.WebElement (session="ad6f9da8351eab732509dff0cd60b879", element="60cf9e38-4f10-4f82-8e12-164bd6e3745e")&gt; ]</msg>
<status status="PASS" starttime="20210131 18:32:35.311" endtime="20210131 18:32:35.319"></status>
</kw>
<kw name="Choose File" library="SeleniumLibrary">
<doc>Inputs the ``file_path`` into the file input field ``locator``.</doc>
<arguments>
<arg>${UploadFiletestLocator}</arg>
<arg>${AddFile}</arg>
</arguments>
<msg timestamp="20210131 18:32:35.320" level="INFO">Sending /Users/bagale/Desktop/robot_test/first_test/RobotFramework-Projects/project3/prof.png to browser.</msg>
<status status="PASS" starttime="20210131 18:32:35.320" endtime="20210131 18:32:35.374"></status>
</kw>
<kw name="Click Button" library="SeleniumLibrary">
<doc>Clicks the button identified by ``locator``.</doc>
<arguments>
<arg>${save-button}</arg>
</arguments>
<msg timestamp="20210131 18:32:35.375" level="INFO">Clicking button 'id=btnSave'.</msg>
<status status="PASS" starttime="20210131 18:32:35.375" endtime="20210131 18:32:35.465"></status>
</kw>
<kw name="Log" library="BuiltIn">
<doc>Logs the given message with the given level.</doc>
<arguments>
<arg>${TEST_COMPLETED_TEXT}</arg>
</arguments>
<msg timestamp="20210131 18:32:35.467" level="INFO">Test Completed</msg>
<status status="PASS" starttime="20210131 18:32:35.466" endtime="20210131 18:32:35.467"></status>
</kw>
<kw name="Close All Browsers" library="SeleniumLibrary" type="teardown">
<doc>Closes all open browsers and resets the browser cache.</doc>
<status status="PASS" starttime="20210131 18:32:35.468" endtime="20210131 18:32:35.593"></status>
</kw>
<status status="PASS" starttime="20210131 18:32:20.094" endtime="20210131 18:32:35.593" critical="yes"></status>
</test>
<status status="PASS" starttime="20210131 18:31:51.935" endtime="20210131 18:32:35.596"></status>
</suite>
<statistics>
<total>
<stat pass="6" fail="0">Critical Tests</stat>
<stat pass="6" fail="0">All Tests</stat>
</total>
<tag>
<stat pass="1" fail="0">1000</stat>
</tag>
<suite>
<stat pass="6" fail="0" id="s1" name="Testsuit">Testsuit</stat>
</suite>
</statistics>
<errors>
</errors>
</robot>
