<?xml version="1.0" encoding="UTF-8"?>
<robot generator="Robot 3.2.2 (Python 3.6.0b3 on darwin)" generated="20210123 17:46:34.024" rpa="false">
<suite id="s1" name="Testsuit" source="/Users/bagale/Desktop/robot_test/first_test/RobotFramework-Projects/project3/testsuit.robot">
<kw name="Set Screenshot Directory" library="SeleniumLibrary" type="setup">
<doc>Sets the directory for captured screenshots.</doc>
<arguments>
<arg>/Users/bagale/Desktop/robot_test/first_test/RobotFramework-Projects/project3/screenshots</arg>
</arguments>
<status status="PASS" starttime="20210123 17:46:34.330" endtime="20210123 17:46:34.330"></status>
</kw>
<test id="s1-t1" name="MyFirstTest">
<kw name="Log" library="BuiltIn">
<doc>Logs the given message with the given level.</doc>
<arguments>
<arg>${HELLO_WORLD_TEXT}</arg>
</arguments>
<msg timestamp="20210123 17:46:34.332" level="INFO">Hello World</msg>
<status status="PASS" starttime="20210123 17:46:34.332" endtime="20210123 17:46:34.332"></status>
</kw>
<kw name="Close All Browsers" library="SeleniumLibrary" type="teardown">
<doc>Closes all open browsers and resets the browser cache.</doc>
<status status="PASS" starttime="20210123 17:46:34.333" endtime="20210123 17:46:34.333"></status>
</kw>
<status status="PASS" starttime="20210123 17:46:34.331" endtime="20210123 17:46:34.333" critical="yes"></status>
</test>
<test id="s1-t2" name="FirstSeleniumTest">
<kw name="Open Browser" library="SeleniumLibrary">
<doc>Opens a new browser instance to the optional ``url``.</doc>
<arguments>
<arg>${GOOGLE_URL}</arg>
<arg>${GOOGLE_NAME}</arg>
</arguments>
<msg timestamp="20210123 17:46:34.335" level="INFO">Opening browser 'chrome' to base url 'https:google.com'.</msg>
<status status="PASS" starttime="20210123 17:46:34.335" endtime="20210123 17:46:38.634"></status>
</kw>
<kw name="Set Browser Implicit Wait" library="SeleniumLibrary">
<doc>Sets the implicit wait value used by Selenium.</doc>
<arguments>
<arg>5</arg>
</arguments>
<status status="PASS" starttime="20210123 17:46:38.634" endtime="20210123 17:46:38.636"></status>
</kw>
<kw name="Input Text" library="SeleniumLibrary">
<doc>Types the given ``text`` into the text field identified by ``locator``.</doc>
<arguments>
<arg>${LOCATOR_GOOGLE_SEARCH_TEXT_FIELD}</arg>
<arg>Automation step by step</arg>
</arguments>
<msg timestamp="20210123 17:46:38.637" level="INFO">Typing text 'Automation step by step' into text field 'name=q'.</msg>
<status status="PASS" starttime="20210123 17:46:38.636" endtime="20210123 17:46:38.849"></status>
</kw>
<kw name="Press Keys" library="SeleniumLibrary">
<doc>Simulates the user pressing key(s) to an element or on the active browser.</doc>
<arguments>
<arg>${LOCATOR_GOOGLE_SEARCH_TEXT_FIELD}</arg>
<arg>Enter</arg>
</arguments>
<msg timestamp="20210123 17:46:38.851" level="INFO">Sending key(s) ('Enter',) to name=q element.</msg>
<msg timestamp="20210123 17:46:39.135" level="INFO">Sending keys Enter</msg>
<status status="PASS" starttime="20210123 17:46:38.850" endtime="20210123 17:46:39.151"></status>
</kw>
<kw name="Sleep" library="BuiltIn">
<doc>Pauses the test executed for the given time.</doc>
<arguments>
<arg>2</arg>
</arguments>
<msg timestamp="20210123 17:46:41.153" level="INFO">Slept 2 seconds</msg>
<status status="PASS" starttime="20210123 17:46:39.152" endtime="20210123 17:46:41.154"></status>
</kw>
<kw name="Close Browser" library="SeleniumLibrary">
<doc>Closes the current browser.</doc>
<status status="PASS" starttime="20210123 17:46:41.154" endtime="20210123 17:46:41.287"></status>
</kw>
<kw name="Log" library="BuiltIn">
<doc>Logs the given message with the given level.</doc>
<arguments>
<arg>${TEST_COMPLETED_TEXT}</arg>
</arguments>
<msg timestamp="20210123 17:46:41.288" level="INFO">Test Completed</msg>
<status status="PASS" starttime="20210123 17:46:41.288" endtime="20210123 17:46:41.289"></status>
</kw>
<kw name="Close All Browsers" library="SeleniumLibrary" type="teardown">
<doc>Closes all open browsers and resets the browser cache.</doc>
<status status="PASS" starttime="20210123 17:46:41.289" endtime="20210123 17:46:41.290"></status>
</kw>
<status status="PASS" starttime="20210123 17:46:34.334" endtime="20210123 17:46:41.290" critical="yes"></status>
</test>
<test id="s1-t3" name="SampleLoginTest">
<kw name="Set Screenshot Directory" library="SeleniumLibrary" type="setup">
<doc>Sets the directory for captured screenshots.</doc>
<arguments>
<arg>/Users/bagale/Desktop/robot_test/first_test/RobotFramework-Projects/project3/screenshots</arg>
</arguments>
<status status="PASS" starttime="20210123 17:46:41.295" endtime="20210123 17:46:41.298"></status>
</kw>
<kw name="Open Browser" library="SeleniumLibrary">
<doc>Opens a new browser instance to the optional ``url``.</doc>
<arguments>
<arg>https://opensource-demo.orangehrmlive.com</arg>
<arg>chrome</arg>
</arguments>
<msg timestamp="20210123 17:46:41.299" level="INFO">Opening browser 'chrome' to base url 'https://opensource-demo.orangehrmlive.com'.</msg>
<status status="PASS" starttime="20210123 17:46:41.298" endtime="20210123 17:46:46.623"></status>
</kw>
<kw name="Input Text" library="SeleniumLibrary">
<doc>Types the given ``text`` into the text field identified by ``locator``.</doc>
<arguments>
<arg>id=txtUsername</arg>
<arg>Admin</arg>
</arguments>
<msg timestamp="20210123 17:46:46.625" level="INFO">Typing text 'Admin' into text field 'id=txtUsername'.</msg>
<status status="PASS" starttime="20210123 17:46:46.624" endtime="20210123 17:46:46.741"></status>
</kw>
<kw name="Input Text" library="SeleniumLibrary">
<doc>Types the given ``text`` into the text field identified by ``locator``.</doc>
<arguments>
<arg>id=txtPassword</arg>
<arg>admin123</arg>
</arguments>
<msg timestamp="20210123 17:46:46.742" level="INFO">Typing text 'admin123' into text field 'id=txtPassword'.</msg>
<status status="PASS" starttime="20210123 17:46:46.742" endtime="20210123 17:46:46.849"></status>
</kw>
<kw name="Click Button" library="SeleniumLibrary">
<doc>Clicks the button identified by ``locator``.</doc>
<arguments>
<arg>name=Submit</arg>
</arguments>
<msg timestamp="20210123 17:46:46.851" level="INFO">Clicking button 'name=Submit'.</msg>
<status status="PASS" starttime="20210123 17:46:46.850" endtime="20210123 17:46:49.601"></status>
</kw>
<kw name="Wait Until Page Contains" library="SeleniumLibrary">
<doc>Waits until ``text`` appears on the current page.</doc>
<arguments>
<arg>Welcome Paul</arg>
</arguments>
<status status="PASS" starttime="20210123 17:46:49.602" endtime="20210123 17:46:49.624"></status>
</kw>
<kw name="Click Element" library="SeleniumLibrary">
<doc>Click the element identified by ``locator``.</doc>
<arguments>
<arg>//a[@id='welcome1']</arg>
</arguments>
<msg timestamp="20210123 17:46:49.624" level="INFO">Clicking element '//a[@id='welcome1']'.</msg>
<kw name="Capture Page Screenshot" library="SeleniumLibrary">
<doc>Takes a screenshot of the current page and embeds it into a log file.</doc>
<msg timestamp="20210123 17:46:50.190" level="INFO" html="yes">&lt;/td&gt;&lt;/tr&gt;&lt;tr&gt;&lt;td colspan="3"&gt;&lt;a href="screenshots/selenium-screenshot-1.png"&gt;&lt;img src="screenshots/selenium-screenshot-1.png" width="800px"&gt;&lt;/a&gt;</msg>
<status status="PASS" starttime="20210123 17:46:49.638" endtime="20210123 17:46:50.190"></status>
</kw>
<msg timestamp="20210123 17:46:50.204" level="FAIL">Element with locator '//a[@id='welcome1']' not found.</msg>
<status status="FAIL" starttime="20210123 17:46:49.624" endtime="20210123 17:46:50.204"></status>
</kw>
<kw name="Close All Browsers" library="SeleniumLibrary" type="teardown">
<doc>Closes all open browsers and resets the browser cache.</doc>
<status status="PASS" starttime="20210123 17:46:50.205" endtime="20210123 17:46:50.339"></status>
</kw>
<doc>This is a simple login Test</doc>
<tags>
<tag>1000</tag>
</tags>
<status status="FAIL" starttime="20210123 17:46:41.292" endtime="20210123 17:46:50.339" critical="yes">Element with locator '//a[@id='welcome1']' not found.</status>
</test>
<status status="FAIL" starttime="20210123 17:46:34.027" endtime="20210123 17:46:50.342"></status>
</suite>
<statistics>
<total>
<stat pass="2" fail="1">Critical Tests</stat>
<stat pass="2" fail="1">All Tests</stat>
</total>
<tag>
<stat pass="0" fail="1">1000</stat>
</tag>
<suite>
<stat pass="2" fail="1" id="s1" name="Testsuit">Testsuit</stat>
</suite>
</statistics>
<errors>
</errors>
</robot>
