<?xml version="1.0" encoding="UTF-8"?>
<robot generator="Robot 3.2.2 (Python 3.6.0b3 on darwin)" generated="20210123 18:04:35.917" rpa="false">
<suite id="s1" name="Testsuit" source="/Users/bagale/Desktop/robot_test/first_test/RobotFramework-Projects/project3/testsuit.robot">
<kw name="Set Screenshot Directory" library="SeleniumLibrary" type="setup">
<doc>Sets the directory for captured screenshots.</doc>
<arguments>
<arg>/Users/bagale/Desktop/robot_test/first_test/RobotFramework-Projects/project3/screenshots</arg>
</arguments>
<status status="PASS" starttime="20210123 18:04:36.582" endtime="20210123 18:04:36.582"></status>
</kw>
<test id="s1-t1" name="MyFirstTest">
<kw name="Log" library="BuiltIn">
<doc>Logs the given message with the given level.</doc>
<arguments>
<arg>${HELLO_WORLD_TEXT}</arg>
</arguments>
<msg timestamp="20210123 18:04:36.584" level="INFO">Hello World</msg>
<status status="PASS" starttime="20210123 18:04:36.584" endtime="20210123 18:04:36.584"></status>
</kw>
<kw name="Close All Browsers" library="SeleniumLibrary" type="teardown">
<doc>Closes all open browsers and resets the browser cache.</doc>
<status status="PASS" starttime="20210123 18:04:36.584" endtime="20210123 18:04:36.585"></status>
</kw>
<status status="PASS" starttime="20210123 18:04:36.582" endtime="20210123 18:04:36.585" critical="yes"></status>
</test>
<test id="s1-t2" name="FakerLibrary Words Generation">
<kw name="Words" library="FakerLibrary">
<doc>Generate a tuple of words.</doc>
<arguments>
<arg>nb=${5}</arg>
</arguments>
<assign>
<var>${words}</var>
</assign>
<msg timestamp="20210123 18:04:36.587" level="INFO">${words} = ['tree', 'yard', 'remember', 'us', 'class']</msg>
<status status="PASS" starttime="20210123 18:04:36.587" endtime="20210123 18:04:36.587"></status>
</kw>
<kw name="Log" library="BuiltIn">
<doc>Logs the given message with the given level.</doc>
<arguments>
<arg>words: ${words}</arg>
</arguments>
<msg timestamp="20210123 18:04:36.588" level="INFO">words: ['tree', 'yard', 'remember', 'us', 'class']</msg>
<status status="PASS" starttime="20210123 18:04:36.588" endtime="20210123 18:04:36.588"></status>
</kw>
<kw name="Words" library="FakerLibrary">
<doc>Generate a tuple of words.</doc>
<arguments>
<arg>nb=${10}</arg>
</arguments>
<assign>
<var>${words}</var>
</assign>
<msg timestamp="20210123 18:04:36.589" level="INFO">${words} = ['old', 'lay', 'painting', 'gas', 'against', 'company', 'his', 'high', 'country', 'make']</msg>
<status status="PASS" starttime="20210123 18:04:36.588" endtime="20210123 18:04:36.589"></status>
</kw>
<kw name="Log" library="BuiltIn">
<doc>Logs the given message with the given level.</doc>
<arguments>
<arg>words: ${words}</arg>
</arguments>
<msg timestamp="20210123 18:04:36.589" level="INFO">words: ['old', 'lay', 'painting', 'gas', 'against', 'company', 'his', 'high', 'country', 'make']</msg>
<status status="PASS" starttime="20210123 18:04:36.589" endtime="20210123 18:04:36.589"></status>
</kw>
<kw name="Close All Browsers" library="SeleniumLibrary" type="teardown">
<doc>Closes all open browsers and resets the browser cache.</doc>
<status status="PASS" starttime="20210123 18:04:36.590" endtime="20210123 18:04:36.590"></status>
</kw>
<status status="PASS" starttime="20210123 18:04:36.586" endtime="20210123 18:04:36.590" critical="yes"></status>
</test>
<test id="s1-t3" name="FirstSeleniumTest">
<kw name="Open Browser" library="SeleniumLibrary">
<doc>Opens a new browser instance to the optional ``url``.</doc>
<arguments>
<arg>${GOOGLE_URL}</arg>
<arg>${GOOGLE_NAME}</arg>
</arguments>
<msg timestamp="20210123 18:04:36.592" level="INFO">Opening browser 'chrome' to base url 'https:google.com'.</msg>
<status status="PASS" starttime="20210123 18:04:36.592" endtime="20210123 18:04:41.037"></status>
</kw>
<kw name="Set Browser Implicit Wait" library="SeleniumLibrary">
<doc>Sets the implicit wait value used by Selenium.</doc>
<arguments>
<arg>5</arg>
</arguments>
<status status="PASS" starttime="20210123 18:04:41.039" endtime="20210123 18:04:41.043"></status>
</kw>
<kw name="Input Text" library="SeleniumLibrary">
<doc>Types the given ``text`` into the text field identified by ``locator``.</doc>
<arguments>
<arg>${LOCATOR_GOOGLE_SEARCH_TEXT_FIELD}</arg>
<arg>Automation step by step</arg>
</arguments>
<msg timestamp="20210123 18:04:41.045" level="INFO">Typing text 'Automation step by step' into text field 'name=q'.</msg>
<status status="PASS" starttime="20210123 18:04:41.044" endtime="20210123 18:04:41.313"></status>
</kw>
<kw name="Press Keys" library="SeleniumLibrary">
<doc>Simulates the user pressing key(s) to an element or on the active browser.</doc>
<arguments>
<arg>${LOCATOR_GOOGLE_SEARCH_TEXT_FIELD}</arg>
<arg>Enter</arg>
</arguments>
<msg timestamp="20210123 18:04:41.314" level="INFO">Sending key(s) ('Enter',) to name=q element.</msg>
<msg timestamp="20210123 18:04:41.592" level="INFO">Sending keys Enter</msg>
<status status="PASS" starttime="20210123 18:04:41.313" endtime="20210123 18:04:41.606"></status>
</kw>
<kw name="Sleep" library="BuiltIn">
<doc>Pauses the test executed for the given time.</doc>
<arguments>
<arg>2</arg>
</arguments>
<msg timestamp="20210123 18:04:43.607" level="INFO">Slept 2 seconds</msg>
<status status="PASS" starttime="20210123 18:04:41.606" endtime="20210123 18:04:43.608"></status>
</kw>
<kw name="Close Browser" library="SeleniumLibrary">
<doc>Closes the current browser.</doc>
<status status="PASS" starttime="20210123 18:04:43.608" endtime="20210123 18:04:43.747"></status>
</kw>
<kw name="Log" library="BuiltIn">
<doc>Logs the given message with the given level.</doc>
<arguments>
<arg>${TEST_COMPLETED_TEXT}</arg>
</arguments>
<msg timestamp="20210123 18:04:43.749" level="INFO">Test Completed</msg>
<status status="PASS" starttime="20210123 18:04:43.748" endtime="20210123 18:04:43.749"></status>
</kw>
<kw name="Close All Browsers" library="SeleniumLibrary" type="teardown">
<doc>Closes all open browsers and resets the browser cache.</doc>
<status status="PASS" starttime="20210123 18:04:43.750" endtime="20210123 18:04:43.750"></status>
</kw>
<status status="PASS" starttime="20210123 18:04:36.591" endtime="20210123 18:04:43.750" critical="yes"></status>
</test>
<test id="s1-t4" name="SampleLoginTest">
<kw name="Set Screenshot Directory" library="SeleniumLibrary" type="setup">
<doc>Sets the directory for captured screenshots.</doc>
<arguments>
<arg>/Users/bagale/Desktop/robot_test/first_test/RobotFramework-Projects/project3/screenshots</arg>
</arguments>
<status status="PASS" starttime="20210123 18:04:43.753" endtime="20210123 18:04:43.754"></status>
</kw>
<kw name="Open Browser" library="SeleniumLibrary">
<doc>Opens a new browser instance to the optional ``url``.</doc>
<arguments>
<arg>https://opensource-demo.orangehrmlive.com</arg>
<arg>chrome</arg>
</arguments>
<msg timestamp="20210123 18:04:43.755" level="INFO">Opening browser 'chrome' to base url 'https://opensource-demo.orangehrmlive.com'.</msg>
<status status="PASS" starttime="20210123 18:04:43.755" endtime="20210123 18:04:48.968"></status>
</kw>
<kw name="Input Text" library="SeleniumLibrary">
<doc>Types the given ``text`` into the text field identified by ``locator``.</doc>
<arguments>
<arg>id=txtUsername</arg>
<arg>Admin</arg>
</arguments>
<msg timestamp="20210123 18:04:48.970" level="INFO">Typing text 'Admin' into text field 'id=txtUsername'.</msg>
<status status="PASS" starttime="20210123 18:04:48.969" endtime="20210123 18:04:49.088"></status>
</kw>
<kw name="Input Text" library="SeleniumLibrary">
<doc>Types the given ``text`` into the text field identified by ``locator``.</doc>
<arguments>
<arg>id=txtPassword</arg>
<arg>admin123</arg>
</arguments>
<msg timestamp="20210123 18:04:49.088" level="INFO">Typing text 'admin123' into text field 'id=txtPassword'.</msg>
<status status="PASS" starttime="20210123 18:04:49.088" endtime="20210123 18:04:49.196"></status>
</kw>
<kw name="Click Button" library="SeleniumLibrary">
<doc>Clicks the button identified by ``locator``.</doc>
<arguments>
<arg>name=Submit</arg>
</arguments>
<msg timestamp="20210123 18:04:49.197" level="INFO">Clicking button 'name=Submit'.</msg>
<status status="PASS" starttime="20210123 18:04:49.197" endtime="20210123 18:04:51.966"></status>
</kw>
<kw name="Wait Until Page Contains" library="SeleniumLibrary">
<doc>Waits until ``text`` appears on the current page.</doc>
<arguments>
<arg>Welcome Paul</arg>
</arguments>
<status status="PASS" starttime="20210123 18:04:51.967" endtime="20210123 18:04:51.996"></status>
</kw>
<kw name="Click Element" library="SeleniumLibrary">
<doc>Click the element identified by ``locator``.</doc>
<arguments>
<arg>//a[@id='welcome']</arg>
</arguments>
<msg timestamp="20210123 18:04:51.997" level="INFO">Clicking element '//a[@id='welcome']'.</msg>
<status status="PASS" starttime="20210123 18:04:51.996" endtime="20210123 18:04:52.071"></status>
</kw>
<kw name="Wait Until Page Contains Element" library="SeleniumLibrary">
<doc>Waits until the element ``locator`` appears on the current page.</doc>
<arguments>
<arg>//body/div[@id='wrapper']/div[@id='branding']/div[@id='welcome-menu']/ul/li[2]</arg>
</arguments>
<status status="PASS" starttime="20210123 18:04:52.073" endtime="20210123 18:04:52.107"></status>
</kw>
<kw name="Sleep" library="BuiltIn">
<doc>Pauses the test executed for the given time.</doc>
<arguments>
<arg>2s</arg>
</arguments>
<msg timestamp="20210123 18:04:54.109" level="INFO">Slept 2 seconds</msg>
<status status="PASS" starttime="20210123 18:04:52.108" endtime="20210123 18:04:54.109"></status>
</kw>
<kw name="Click Element" library="SeleniumLibrary">
<doc>Click the element identified by ``locator``.</doc>
<arguments>
<arg>//body/div[@id='wrapper']/div[@id='branding']/div[@id='welcome-menu']/ul/li[2]</arg>
</arguments>
<msg timestamp="20210123 18:04:54.110" level="INFO">Clicking element '//body/div[@id='wrapper']/div[@id='branding']/div[@id='welcome-menu']/ul/li[2]'.</msg>
<status status="PASS" starttime="20210123 18:04:54.110" endtime="20210123 18:04:54.151"></status>
</kw>
<kw name="Log" library="BuiltIn">
<doc>Logs the given message with the given level.</doc>
<arguments>
<arg>Test Completed</arg>
</arguments>
<msg timestamp="20210123 18:04:54.151" level="INFO">Test Completed</msg>
<status status="PASS" starttime="20210123 18:04:54.151" endtime="20210123 18:04:54.151"></status>
</kw>
<kw name="Close All Browsers" library="SeleniumLibrary" type="teardown">
<doc>Closes all open browsers and resets the browser cache.</doc>
<status status="PASS" starttime="20210123 18:04:54.152" endtime="20210123 18:04:54.283"></status>
</kw>
<doc>This is a simple login Test</doc>
<tags>
<tag>1000</tag>
</tags>
<status status="PASS" starttime="20210123 18:04:43.752" endtime="20210123 18:04:54.283" critical="yes"></status>
</test>
<status status="PASS" starttime="20210123 18:04:35.920" endtime="20210123 18:04:54.285"></status>
</suite>
<statistics>
<total>
<stat pass="4" fail="0">Critical Tests</stat>
<stat pass="4" fail="0">All Tests</stat>
</total>
<tag>
<stat pass="1" fail="0">1000</stat>
</tag>
<suite>
<stat pass="4" fail="0" id="s1" name="Testsuit">Testsuit</stat>
</suite>
</statistics>
<errors>
</errors>
</robot>
